<?xml version="1.0" encoding="UTF-8"?>
<testng-results ignored="0" total="1" passed="1" failed="0" skipped="0">
  <reporter-output>
  </reporter-output>
  <suite started-at="2024-03-22T10:44:44 IST" name="Surefire suite" finished-at="2024-03-22T10:45:00 IST" duration-ms="15930">
    <groups>
    </groups>
    <test started-at="2024-03-22T10:44:44 IST" name="Surefire test" finished-at="2024-03-22T10:45:00 IST" duration-ms="15930">
      <class name="TestCases.Testcase">
        <test-method signature="Program()[pri:0, instance:TestCases.Testcase@2fd6b6c7]" started-at="2024-03-22T10:44:44 IST" name="Program" finished-at="2024-03-22T10:45:00 IST" duration-ms="15858" status="PASS">
          <reporter-output>
          </reporter-output>
        </test-method> <!-- Program -->
      </class> <!-- TestCases.Testcase -->
    </test> <!-- Surefire test -->
  </suite> <!-- Surefire suite -->
</testng-results>
